2025-11-12 11:50:13, MOVE, v:1, k:poo@budega, mode:PICK
2025-11-12 11:50:14, EXEC, v:1, k:poo@budega, mode:FULL, rate:0, size:61
2025-11-12 11:50:17, MOVE, v:1, k:poo@budega, mode:BACK
2025-11-12 11:56:14, MOVE, v:1, k:poo@budega, mode:PICK
2025-11-12 11:56:15, EXEC, v:1, k:poo@budega, mode:FREE, size:72
2025-11-12 11:56:30, EXEC, v:1, k:poo@budega, mode:FREE
2025-11-12 12:03:05, MOVE, v:1, k:poo@budega, mode:BACK
2025-11-12 12:03:09, MOVE, v:1, k:poo@budega, mode:PICK
2025-11-12 12:03:23, EXEC, v:1, k:poo@budega, mode:FREE, size:75
2025-11-12 12:52:57, MOVE, v:1, k:poo@budega, mode:BACK
2025-11-12 15:49:42, MOVE, v:1, k:poo@budega, mode:PICK
2025-11-12 15:49:43, EXEC, v:1, k:poo@budega, mode:FREE, size:121
2025-11-12 15:50:00, EXEC, v:1, k:poo@budega, mode:FULL, rate:0
2025-11-12 15:50:02, EXEC, v:1, k:poo@budega, mode:FREE
2025-11-12 15:52:05, MOVE, v:1, k:poo@budega, mode:BACK
2025-11-12 15:57:22, MOVE, v:1, k:poo@budega, mode:PICK
2025-11-12 15:57:23, EXEC, v:1, k:poo@budega, mode:FREE, size:127
2025-11-12 16:01:13, MOVE, v:1, k:poo@budega, mode:PICK
2025-11-12 16:01:14, EXEC, v:1, k:poo@budega, mode:FREE, size:108
2025-11-12 16:02:06, EXEC, v:1, k:poo@budega, mode:FULL, rate:0, size:113
2025-11-12 16:02:09, EXEC, v:1, k:poo@budega, mode:FREE
2025-11-12 16:07:53, MOVE, v:1, k:poo@budega, mode:BACK
2025-11-12 16:09:16, MOVE, v:1, k:poo@budega, mode:PICK
2025-11-12 16:09:16, EXEC, v:1, k:poo@budega, mode:FREE, size:123
2025-11-12 16:11:16, EXEC, v:1, k:poo@budega, mode:FREE, size:129
2025-11-12 16:12:52, EXEC, v:1, k:poo@budega, mode:FREE
2025-11-12 16:28:38, MOVE, v:1, k:poo@budega, mode:BACK
2025-11-12 16:28:38, MOVE, v:1, k:poo@budega, mode:PICK
2025-11-12 16:28:46, MOVE, v:1, k:poo@budega, mode:BACK
2025-11-12 16:29:09, MOVE, v:1, k:poo@budega, mode:PICK
2025-11-12 16:29:10, EXEC, v:1, k:poo@budega, mode:FREE, size:131
2025-11-12 16:35:15, MOVE, v:1, k:poo@budega, mode:BACK
2025-11-12 17:01:10, MOVE, v:1, k:poo@budega, mode:PICK
2025-11-12 17:01:11, EXEC, v:1, k:poo@budega, mode:FREE, size:133
2025-11-12 17:26:26, MOVE, v:1, k:poo@budega, mode:BACK
2025-11-12 17:27:13, MOVE, v:1, k:poo@budega, mode:PICK
2025-11-12 17:27:14, EXEC, v:1, k:poo@budega, mode:FREE, size:125
2025-11-12 17:31:12, EXEC, v:1, k:poo@budega, mode:FREE, size:123
2025-11-12 17:37:19, MOVE, v:1, k:poo@budega, mode:BACK
2025-11-12 17:37:21, MOVE, v:1, k:poo@budega, mode:PICK
2025-11-12 17:55:47, EXEC, v:1, k:poo@budega, mode:FREE, size:124
2025-11-12 18:08:38, MOVE, v:1, k:poo@budega, mode:BACK
2025-11-12 18:08:53, MOVE, v:1, k:poo@budega, mode:PICK
2025-11-12 18:08:54, EXEC, v:1, k:poo@budega, mode:FULL, rate:0, size:125
2025-11-12 18:09:19, EXEC, v:1, k:poo@budega, mode:FULL, rate:0, size:125
2025-11-12 18:09:27, EXEC, v:1, k:poo@budega, mode:FULL, rate:100, size:125
2025-11-12 18:09:49, MOVE, v:1, k:poo@budega, mode:BACK
2025-11-12 18:11:02, SELF, v:1, k:poo@budega, rate:100, other:sim, alone:5, study:270
